This is pdfTeX, Version 3.14159265-2.6-1.40.19 (MiKTeX 2.9.6930 64-bit) (preloaded format=pdflatex 2020.8.23)  24 AUG 2020 00:21
entering extended mode
**./learningbootstrap.tex
(learningbootstrap.tex
LaTeX2e <2018-12-01>
(sphinxmanual.cls
Document Class: sphinxmanual 2019/12/01 v2.3.0 Document class (Sphinx manual)

("C:\Users\SHRI GANESH\AppData\Local\Programs\MiKTeX 2.9\tex/latex/base\report.
cls"
Document Class: report 2018/09/03 v1.4i Standard LaTeX document class

("C:\Users\SHRI GANESH\AppData\Local\Programs\MiKTeX 2.9\tex/latex/base\size10.
clo"
File: size10.clo 2018/09/03 v1.4i Standard LaTeX file (size option)
)
\c@part=\count80
\c@chapter=\count81
\c@section=\count82
\c@subsection=\count83
\c@subsubsection=\count84
\c@paragraph=\count85
\c@subparagraph=\count86
\c@figure=\count87
\c@table=\count88
\abovecaptionskip=\skip41
\belowcaptionskip=\skip42
\bibindent=\dimen102
)
LaTeX Info: Redefining \and on input line 35.
)
("C:\Users\SHRI GANESH\AppData\Local\Programs\MiKTeX 2.9\tex/latex/base\inputen
c.sty"
Package: inputenc 2018/08/11 v1.3c Input encoding file
\inpenc@prehook=\toks14
\inpenc@posthook=\toks15
)
   defining Unicode char U+00A0 (decimal 160)
   defining Unicode char U+2500 (decimal 9472)
   defining Unicode char U+2502 (decimal 9474)
   defining Unicode char U+2514 (decimal 9492)
   defining Unicode char U+251C (decimal 9500)
   defining Unicode char U+2572 (decimal 9586)

("C:\Users\SHRI GANESH\AppData\Local\Programs\MiKTeX 2.9\tex/latex/cmap\cmap.st
y"
Package: cmap 2008/03/06 v1.0h CMap support: searchable PDF
)
("C:\Users\SHRI GANESH\AppData\Local\Programs\MiKTeX 2.9\tex/latex/base\fontenc
.sty"
Package: fontenc 2018/08/11 v2.0j Standard LaTeX package

("C:\Users\SHRI GANESH\AppData\Local\Programs\MiKTeX 2.9\tex/latex/base\t1enc.d
ef"
File: t1enc.def 2018/08/11 v2.0j Standard LaTeX file
LaTeX Font Info:    Redeclaring font encoding T1 on input line 48.
)<<t1.cmap>>)
("C:\Users\SHRI GANESH\AppData\Local\Programs\MiKTeX 2.9\tex/latex/amsmath\amsm
ath.sty"
Package: amsmath 2018/12/01 v2.17b AMS math features
\@mathmargin=\skip43

For additional information on amsmath, use the `?' option.

("C:\Users\SHRI GANESH\AppData\Local\Programs\MiKTeX 2.9\tex/latex/amsmath\amst
ext.sty"
Package: amstext 2000/06/29 v2.01 AMS text

("C:\Users\SHRI GANESH\AppData\Local\Programs\MiKTeX 2.9\tex/latex/amsmath\amsg
en.sty"
File: amsgen.sty 1999/11/30 v2.0 generic functions
\@emptytoks=\toks16
\ex@=\dimen103
))
("C:\Users\SHRI GANESH\AppData\Local\Programs\MiKTeX 2.9\tex/latex/amsmath\amsb
sy.sty"
Package: amsbsy 1999/11/29 v1.2d Bold Symbols
\pmbraise@=\dimen104
)
("C:\Users\SHRI GANESH\AppData\Local\Programs\MiKTeX 2.9\tex/latex/amsmath\amso
pn.sty"
Package: amsopn 2016/03/08 v2.02 operator names
)
\inf@bad=\count89
LaTeX Info: Redefining \frac on input line 223.
\uproot@=\count90
\leftroot@=\count91
LaTeX Info: Redefining \overline on input line 385.
\classnum@=\count92
\DOTSCASE@=\count93
LaTeX Info: Redefining \ldots on input line 482.
LaTeX Info: Redefining \dots on input line 485.
LaTeX Info: Redefining \cdots on input line 606.
\Mathstrutbox@=\box27
\strutbox@=\box28
\big@size=\dimen105
LaTeX Font Info:    Redeclaring font encoding OML on input line 729.
LaTeX Font Info:    Redeclaring font encoding OMS on input line 730.
\macc@depth=\count94
\c@MaxMatrixCols=\count95
\dotsspace@=\muskip10
\c@parentequation=\count96
\dspbrk@lvl=\count97
\tag@help=\toks17
\row@=\count98
\column@=\count99
\maxfields@=\count100
\andhelp@=\toks18
\eqnshift@=\dimen106
\alignsep@=\dimen107
\tagshift@=\dimen108
\tagwidth@=\dimen109
\totwidth@=\dimen110
\lineht@=\dimen111
\@envbody=\toks19
\multlinegap=\skip44
\multlinetaggap=\skip45
\mathdisplay@stack=\toks20
LaTeX Info: Redefining \[ on input line 2844.
LaTeX Info: Redefining \] on input line 2845.
)
("C:\Users\SHRI GANESH\AppData\Local\Programs\MiKTeX 2.9\tex/latex/amsfonts\ams
symb.sty"
Package: amssymb 2013/01/14 v3.01 AMS font symbols

("C:\Users\SHRI GANESH\AppData\Local\Programs\MiKTeX 2.9\tex/latex/amsfonts\ams
fonts.sty"
Package: amsfonts 2013/01/14 v3.01 Basic AMSFonts support
\symAMSa=\mathgroup4
\symAMSb=\mathgroup5
LaTeX Font Info:    Overwriting math alphabet `\mathfrak' in version `bold'
(Font)                  U/euf/m/n --> U/euf/b/n on input line 106.
))
("C:\Users\SHRI GANESH\AppData\Local\Programs\MiKTeX 2.9\tex/generic/babel\babe
l.sty"
Package: babel 2018/11/13 3.27 The Babel package

("C:\Users\SHRI GANESH\AppData\Local\Programs\MiKTeX 2.9\tex/generic/babel\swit
ch.def"
File: switch.def 2018/11/13 3.27 Babel switching mechanism
)